<?xml version="1.0" encoding="UTF-8"?>
<!-- Generated by org.testng.reporters.JUnitReportReporter -->
<testsuite hostname="LAPTOP-EEAS1CV9" failures="0" tests="1" name="practice.PractticeClass2" time="0.002" errors="0" timestamp="2023-03-11T15:09:24 IST" skipped="0">
  <testcase classname="practice.PractticeClass2" name="test" time="0.002"/>
  <system-out/>
</testsuite> <!-- practice.PractticeClass2 -->
