<?xml version="1.0" encoding="UTF-8"?>
<!-- Generated by org.testng.reporters.JUnitReportReporter -->
<testsuite hostname="LAPTOP-EEAS1CV9" failures="0" tests="1" name="practice.PracticeClass" time="0.015" errors="0" timestamp="2023-03-11T15:09:24 IST" skipped="0">
  <testcase classname="practice.PracticeClass" name="test" time="0.015"/>
  <system-out/>
</testsuite> <!-- practice.PracticeClass -->
